<html xmlns:math="http://exslt.org/math" xmlns:testng="http://testng.org">
   <head>
      <title>TestNG Results</title>
      <meta http-equiv="content-type" content="text/html; charset=utf-8"></meta>
      <meta http-equiv="pragma" content="no-cache"></meta>
      <meta http-equiv="cache-control" content="max-age=0"></meta>
      <meta http-equiv="cache-control" content="no-cache"></meta>
      <meta http-equiv="cache-control" content="no-store"></meta>
      <LINK rel="stylesheet" href="style.css"></LINK>
      <script type="text/javascript" src="main.js"></script>
   </head>
   <body>
      <table width="100%" style="font-size: 16px; margin-bottom: 10px;" cellspacing="1">
         <tr>
            <td width="100%">
               All methods in suite
               
               <b>liuyingtest</b>
            </td>
            <td style="background-color: #FFBBBB; padding: 3px 3px 3px 0;" align="center">
               <div style="width: 50px;">2</div>
            </td>
            <td style="background-color: lightgreen; padding: 3px 3px 3px 0;" align="center">
               <div style="width: 50px;">2</div>
            </td>
            <td style="background-color: #FFFFBB; padding: 3px 3px 3px 0;" align="center">
               <div style="width: 50px;">0</div>
            </td>
            <td align="center" style="background-color: #eaf0f7; padding: 3px 3px 3px 0;">
               <div style="width: 50px;">4</div>
            </td>
            <td align="center"
                style="font-weight: bold; background-color: #eaf0f7; padding: 3px 3px 3px 0;">
               <div style="width: 50px;">50%</div>
            </td>
         </tr>
      </table>
      <div style="width: 200px;">
         <label for="groupMethodsCheckBox" style="font-weight: bold; margin: 0;">
            <input id="groupMethodsCheckBox" type="checkbox" onclick="switchTestMethodsView(this)"></input>
            Group by class
            
         </label>
         <br></br>
         <label for="methodsFilter_ALL" style="font-weight: bold; margin: 0;">
            <input id="methodsFilter_ALL" type="checkbox"
                   onclick="testMethodsFilterChanged(this, 'ALL')"></input>
            All
            
         </label>
      </div>
      <label for="methodsFilter_FAIL" style="margin-left: 20px;">
         <input id="methodsFilter_FAIL" type="checkbox"
                onclick="testMethodsFilterChanged(this, 'FAIL')"
                checked=""></input>
         Failed
         
      </label>
      <label for="methodsFilter_PASS">
         <input id="methodsFilter_PASS" type="checkbox"
                onclick="testMethodsFilterChanged(this, 'PASS')"
                checked=""></input>
         Passed
         
      </label>
      <label for="methodsFilter_SKIP">
         <input id="methodsFilter_SKIP" type="checkbox"
                onclick="testMethodsFilterChanged(this, 'SKIP')"
                checked=""></input>
         Skipped
         
      </label>
      <label for="methodsFilter_CONF">
         <input id="methodsFilter_CONF" type="checkbox"
                onclick="testMethodsFilterChanged(this, 'CONF')"></input>
         Config
         
      </label>
      <br></br>
      <div id="testMethodsByStatus">
         <table class="testMethodsTable" cellpadding="0" cellspacing="0">
            <tr class="methodsTableHeader">
               <td width="100%">Name</td>
               <td nowrap="true">Started</td>
               <td nowrap="true">Duration</td>
               <td>Exception</td>
            </tr>
            <tr id="com.guangyun.Testlog4j_testSearch_byStatus_failed_FAIL1_row"
                class="testMethodStatusFAIL">
               <td width="100%" class="firstMethodCell">
                  <a onclick="toggleDetailsVisibility('com.guangyun.Testlog4j_testSearch_byStatus_failed_FAIL1_details')">testSearch()</a>
               </td>
               <td nowrap="true">23:02:38</td>
               <td nowrap="true" align="right">1s
                  
               </td>
               <td nowrap="true">
                  <a onclick="toggleDetailsVisibility('com.guangyun.Testlog4j_testSearch_byStatus_failed_FAIL1_exception')">java.lang.AssertionError: 
                     expected [] but found [搜狗搜索引擎 - 上网从搜狗开始]
                     
                  </a>
                   
                  
               </td>
            </tr>
            <tr>
               <td colspan="4"
                   style="padding: 0; background-color: white; border-style: none; height: 0px;">
                  <div id="com.guangyun.Testlog4j_testSearch_byStatus_failed_FAIL1_details"
                       class="testMethodDetails">
                     <div>
                        <b>Name:
                           
                        </b>testSearch
                     </div>
                     <div>
                        <b>Signature:
                           
                        </b>testSearch()[pri:0, instance:com.guangyun.Testlog4j@61a52fbd]
                     </div>
                     <div>
                        <b>Start time:
                           
                        </b>23:02:38
                     </div>
                     <div>
                        <b>End time:
                           
                        </b>23:02:39
                     </div>
                     <div>
                        <b>Duration:
                           
                        </b>1s
                        
                     </div>
                  </div>
               </td>
            </tr>
            <tr>
               <td colspan="4"
                   style="padding: 0; background-color: white; border-style: none; height: 0px;">
                  <div id="com.guangyun.Testlog4j_testSearch_byStatus_failed_FAIL1_exception"
                       class="testMethodDetails">
                     <pre style="padding: 5px; margin: 0;">java.lang.AssertionError: expected [] but found [搜狗搜索引擎 - 上网从搜狗开始]
                        	at org.testng.Assert.fail(Assert.java:94)
                        	at org.testng.Assert.failNotEquals(Assert.java:494)
                        	at org.testng.Assert.assertEquals(Assert.java:123)
                        	at org.testng.Assert.assertEquals(Assert.java:176)
                        	at org.testng.Assert.assertEquals(Assert.java:186)
                        	at com.guangyun.Testlog4j.testSearch(Testlog4j.java:38)
                        	at sun.reflect.NativeMethodAccessorImpl.invoke0(Native Method)
                        	at sun.reflect.NativeMethodAccessorImpl.invoke(NativeMethodAccessorImpl.java:62)
                        	at sun.reflect.DelegatingMethodAccessorImpl.invoke(DelegatingMethodAccessorImpl.java:43)
                        	at java.lang.reflect.Method.invoke(Method.java:498)
                        	at org.testng.internal.MethodInvocationHelper.invokeMethod(MethodInvocationHelper.java:80)
                        	at org.testng.internal.Invoker.invokeMethod(Invoker.java:714)
                        	at org.testng.internal.Invoker.invokeTestMethod(Invoker.java:901)
                        	at org.testng.internal.Invoker.invokeTestMethods(Invoker.java:1231)
                        	at org.testng.internal.TestMethodWorker.invokeTestMethods(TestMethodWorker.java:127)
                        	at org.testng.internal.TestMethodWorker.run(TestMethodWorker.java:111)
                        	at org.testng.TestRunner.privateRun(TestRunner.java:767)
                        	at org.testng.TestRunner.run(TestRunner.java:617)
                        	at org.testng.SuiteRunner.runTest(SuiteRunner.java:334)
                        	at org.testng.SuiteRunner.runSequentially(SuiteRunner.java:329)
                        	at org.testng.SuiteRunner.privateRun(SuiteRunner.java:291)
                        	at org.testng.SuiteRunner.run(SuiteRunner.java:240)
                        	at org.testng.SuiteRunnerWorker.runSuite(SuiteRunnerWorker.java:52)
                        	at org.testng.SuiteRunnerWorker.run(SuiteRunnerWorker.java:86)
                        	at org.testng.TestNG.runSuitesSequentially(TestNG.java:1198)
                        	at org.testng.TestNG.runSuitesLocally(TestNG.java:1123)
                        	at org.testng.TestNG.run(TestNG.java:1031)
                        	at org.apache.maven.surefire.testng.TestNGExecutor.run(TestNGExecutor.java:74)
                        	at org.apache.maven.surefire.testng.TestNGXmlTestSuite.execute(TestNGXmlTestSuite.java:92)
                        	at org.apache.maven.surefire.Surefire.run(Surefire.java:180)
                        	at sun.reflect.NativeMethodAccessorImpl.invoke0(Native Method)
                        	at sun.reflect.NativeMethodAccessorImpl.invoke(NativeMethodAccessorImpl.java:62)
                        	at sun.reflect.DelegatingMethodAccessorImpl.invoke(DelegatingMethodAccessorImpl.java:43)
                        	at java.lang.reflect.Method.invoke(Method.java:498)
                        	at org.apache.maven.surefire.booter.SurefireBooter.runSuitesInProcess(SurefireBooter.java:350)
                        	at org.apache.maven.surefire.booter.SurefireBooter.main(SurefireBooter.java:1021)
                     </pre>
                  </div>
               </td>
            </tr>
            <tr id="com.guangyun.TestNGLearn_testSubstract_byStatus_failed_FAIL2_row"
                class="testMethodStatusFAIL">
               <td width="100%" class="firstMethodCell">
                  <a onclick="toggleDetailsVisibility('com.guangyun.TestNGLearn_testSubstract_byStatus_failed_FAIL2_details')">testSubstract()</a>
               </td>
               <td nowrap="true">23:02:40</td>
               <td nowrap="true" align="right">0 ms
                  
               </td>
               <td nowrap="true">
                  <a onclick="toggleDetailsVisibility('com.guangyun.TestNGLearn_testSubstract_byStatus_failed_FAIL2_exception')">java.lang.AssertionError: 
                     expected [true] but found [false]
                     
                  </a>
                   
                  
               </td>
            </tr>
            <tr>
               <td colspan="4"
                   style="padding: 0; background-color: white; border-style: none; height: 0px;">
                  <div id="com.guangyun.TestNGLearn_testSubstract_byStatus_failed_FAIL2_details"
                       class="testMethodDetails">
                     <div>
                        <b>Name:
                           
                        </b>testSubstract
                     </div>
                     <div>
                        <b>Signature:
                           
                        </b>testSubstract()[pri:0, instance:com.guangyun.TestNGLearn@4ec6a292]
                     </div>
                     <div>
                        <b>Start time:
                           
                        </b>23:02:40
                     </div>
                     <div>
                        <b>End time:
                           
                        </b>23:02:40
                     </div>
                     <div>
                        <b>Duration:
                           
                        </b>0 ms
                        
                     </div>
                  </div>
               </td>
            </tr>
            <tr>
               <td colspan="4"
                   style="padding: 0; background-color: white; border-style: none; height: 0px;">
                  <div id="com.guangyun.TestNGLearn_testSubstract_byStatus_failed_FAIL2_exception"
                       class="testMethodDetails">
                     <pre style="padding: 5px; margin: 0;">java.lang.AssertionError: expected [true] but found [false]
                        	at org.testng.Assert.fail(Assert.java:94)
                        	at org.testng.Assert.failNotEquals(Assert.java:494)
                        	at org.testng.Assert.assertTrue(Assert.java:42)
                        	at org.testng.Assert.assertTrue(Assert.java:52)
                        	at com.guangyun.TestNGLearn.testSubstract(TestNGLearn.java:19)
                        	at sun.reflect.NativeMethodAccessorImpl.invoke0(Native Method)
                        	at sun.reflect.NativeMethodAccessorImpl.invoke(NativeMethodAccessorImpl.java:62)
                        	at sun.reflect.DelegatingMethodAccessorImpl.invoke(DelegatingMethodAccessorImpl.java:43)
                        	at java.lang.reflect.Method.invoke(Method.java:498)
                        	at org.testng.internal.MethodInvocationHelper.invokeMethod(MethodInvocationHelper.java:80)
                        	at org.testng.internal.Invoker.invokeMethod(Invoker.java:714)
                        	at org.testng.internal.Invoker.invokeTestMethod(Invoker.java:901)
                        	at org.testng.internal.Invoker.invokeTestMethods(Invoker.java:1231)
                        	at org.testng.internal.TestMethodWorker.invokeTestMethods(TestMethodWorker.java:127)
                        	at org.testng.internal.TestMethodWorker.run(TestMethodWorker.java:111)
                        	at org.testng.TestRunner.privateRun(TestRunner.java:767)
                        	at org.testng.TestRunner.run(TestRunner.java:617)
                        	at org.testng.SuiteRunner.runTest(SuiteRunner.java:334)
                        	at org.testng.SuiteRunner.runSequentially(SuiteRunner.java:329)
                        	at org.testng.SuiteRunner.privateRun(SuiteRunner.java:291)
                        	at org.testng.SuiteRunner.run(SuiteRunner.java:240)
                        	at org.testng.SuiteRunnerWorker.runSuite(SuiteRunnerWorker.java:52)
                        	at org.testng.SuiteRunnerWorker.run(SuiteRunnerWorker.java:86)
                        	at org.testng.TestNG.runSuitesSequentially(TestNG.java:1198)
                        	at org.testng.TestNG.runSuitesLocally(TestNG.java:1123)
                        	at org.testng.TestNG.run(TestNG.java:1031)
                        	at org.apache.maven.surefire.testng.TestNGExecutor.run(TestNGExecutor.java:74)
                        	at org.apache.maven.surefire.testng.TestNGXmlTestSuite.execute(TestNGXmlTestSuite.java:92)
                        	at org.apache.maven.surefire.Surefire.run(Surefire.java:180)
                        	at sun.reflect.NativeMethodAccessorImpl.invoke0(Native Method)
                        	at sun.reflect.NativeMethodAccessorImpl.invoke(NativeMethodAccessorImpl.java:62)
                        	at sun.reflect.DelegatingMethodAccessorImpl.invoke(DelegatingMethodAccessorImpl.java:43)
                        	at java.lang.reflect.Method.invoke(Method.java:498)
                        	at org.apache.maven.surefire.booter.SurefireBooter.runSuitesInProcess(SurefireBooter.java:350)
                        	at org.apache.maven.surefire.booter.SurefireBooter.main(SurefireBooter.java:1021)
                     </pre>
                  </div>
               </td>
            </tr>
            <tr id="com.guangyun.Testlog4j_beforeClass_byStatus_passed_PASS1_row"
                class="testMethodStatusPASS testMethodStatusCONF">
               <td width="100%" class="firstMethodCell">
                  <a onclick="toggleDetailsVisibility('com.guangyun.Testlog4j_beforeClass_byStatus_passed_PASS1_details')">beforeClass()</a>
               </td>
               <td nowrap="true">23:02:35</td>
               <td nowrap="true" align="right">184 ms
                  
               </td>
               <td nowrap="true">
                   
                  
               </td>
            </tr>
            <tr>
               <td colspan="4"
                   style="padding: 0; background-color: white; border-style: none; height: 0px;">
                  <div id="com.guangyun.Testlog4j_beforeClass_byStatus_passed_PASS1_details"
                       class="testMethodDetails">
                     <div>
                        <b>Name:
                           
                        </b>beforeClass
                     </div>
                     <div>
                        <b>Signature:
                           
                        </b>beforeClass()[pri:0, instance:com.guangyun.Testlog4j@61a52fbd]
                     </div>
                     <div>
                        <b>Start time:
                           
                        </b>23:02:35
                     </div>
                     <div>
                        <b>End time:
                           
                        </b>23:02:35
                     </div>
                     <div>
                        <b>Duration:
                           
                        </b>184 ms
                        
                     </div>
                  </div>
               </td>
            </tr>
            <tr></tr>
            <tr id="com.guangyun.Testlog4j_beforeMethod_byStatus_passed_PASS2_row"
                class="testMethodStatusPASS testMethodStatusCONF">
               <td width="100%" class="firstMethodCell">
                  <a onclick="toggleDetailsVisibility('com.guangyun.Testlog4j_beforeMethod_byStatus_passed_PASS2_details')">beforeMethod()</a>
               </td>
               <td nowrap="true">23:02:35</td>
               <td nowrap="true" align="right">3s
                  
               </td>
               <td nowrap="true">
                   
                  
               </td>
            </tr>
            <tr>
               <td colspan="4"
                   style="padding: 0; background-color: white; border-style: none; height: 0px;">
                  <div id="com.guangyun.Testlog4j_beforeMethod_byStatus_passed_PASS2_details"
                       class="testMethodDetails">
                     <div>
                        <b>Name:
                           
                        </b>beforeMethod
                     </div>
                     <div>
                        <b>Signature:
                           
                        </b>beforeMethod()[pri:0, instance:com.guangyun.Testlog4j@61a52fbd]
                     </div>
                     <div>
                        <b>Start time:
                           
                        </b>23:02:35
                     </div>
                     <div>
                        <b>End time:
                           
                        </b>23:02:38
                     </div>
                     <div>
                        <b>Duration:
                           
                        </b>3s
                        
                     </div>
                  </div>
               </td>
            </tr>
            <tr></tr>
            <tr id="com.guangyun.Testlog4j_afterMethod_byStatus_passed_PASS3_row"
                class="testMethodStatusPASS testMethodStatusCONF">
               <td width="100%" class="firstMethodCell">
                  <a onclick="toggleDetailsVisibility('com.guangyun.Testlog4j_afterMethod_byStatus_passed_PASS3_details')">afterMethod()</a>
               </td>
               <td nowrap="true">23:02:39</td>
               <td nowrap="true" align="right">825 ms
                  
               </td>
               <td nowrap="true">
                   
                  
               </td>
            </tr>
            <tr>
               <td colspan="4"
                   style="padding: 0; background-color: white; border-style: none; height: 0px;">
                  <div id="com.guangyun.Testlog4j_afterMethod_byStatus_passed_PASS3_details"
                       class="testMethodDetails">
                     <div>
                        <b>Name:
                           
                        </b>afterMethod
                     </div>
                     <div>
                        <b>Signature:
                           
                        </b>afterMethod()[pri:0, instance:com.guangyun.Testlog4j@61a52fbd]
                     </div>
                     <div>
                        <b>Start time:
                           
                        </b>23:02:39
                     </div>
                     <div>
                        <b>End time:
                           
                        </b>23:02:40
                     </div>
                     <div>
                        <b>Duration:
                           
                        </b>825 ms
                        
                     </div>
                  </div>
               </td>
            </tr>
            <tr></tr>
            <tr id="com.guangyun.TestNGLearn_testEquals_byStatus_passed_PASS4_row"
                class="testMethodStatusPASS">
               <td width="100%" class="firstMethodCell">
                  <a onclick="toggleDetailsVisibility('com.guangyun.TestNGLearn_testEquals_byStatus_passed_PASS4_details')">testEquals()</a>
               </td>
               <td nowrap="true">23:02:40</td>
               <td nowrap="true" align="right">0 ms
                  
               </td>
               <td nowrap="true">
                   
                  
               </td>
            </tr>
            <tr>
               <td colspan="4"
                   style="padding: 0; background-color: white; border-style: none; height: 0px;">
                  <div id="com.guangyun.TestNGLearn_testEquals_byStatus_passed_PASS4_details"
                       class="testMethodDetails">
                     <div>
                        <b>Name:
                           
                        </b>testEquals
                     </div>
                     <div>
                        <b>Signature:
                           
                        </b>testEquals()[pri:0, instance:com.guangyun.TestNGLearn@4ec6a292]
                     </div>
                     <div>
                        <b>Start time:
                           
                        </b>23:02:40
                     </div>
                     <div>
                        <b>End time:
                           
                        </b>23:02:40
                     </div>
                     <div>
                        <b>Duration:
                           
                        </b>0 ms
                        
                     </div>
                  </div>
               </td>
            </tr>
            <tr></tr>
            <tr id="com.guangyun.TestNGLearn1_testAdd_byStatus_passed_PASS5_row"
                class="testMethodStatusPASS">
               <td width="100%" class="firstMethodCell">
                  <a onclick="toggleDetailsVisibility('com.guangyun.TestNGLearn1_testAdd_byStatus_passed_PASS5_details')">testAdd()</a>
               </td>
               <td nowrap="true">23:02:40</td>
               <td nowrap="true" align="right">0 ms
                  
               </td>
               <td nowrap="true">
                   
                  
               </td>
            </tr>
            <tr>
               <td colspan="4"
                   style="padding: 0; background-color: white; border-style: none; height: 0px;">
                  <div id="com.guangyun.TestNGLearn1_testAdd_byStatus_passed_PASS5_details"
                       class="testMethodDetails">
                     <div>
                        <b>Name:
                           
                        </b>testAdd
                     </div>
                     <div>
                        <b>Signature:
                           
                        </b>testAdd()[pri:0, instance:com.guangyun.TestNGLearn1@19bb089b]
                     </div>
                     <div>
                        <b>Start time:
                           
                        </b>23:02:40
                     </div>
                     <div>
                        <b>End time:
                           
                        </b>23:02:40
                     </div>
                     <div>
                        <b>Duration:
                           
                        </b>0 ms
                        
                     </div>
                  </div>
               </td>
            </tr>
            <tr></tr>
         </table>
      </div>
      <div id="testMethodsByClass" style="display: none;">
         <table class="testMethodsTable" cellpadding="0" cellspacing="0">
            <tr>
               <td colspan="4">
                  <h3 style="display: inline;">com.guangyun.Testlog4j</h3>
               </td>
            </tr>
            <tr class="methodsTableHeader">
               <td width="100%">Name</td>
               <td nowrap="true">Started</td>
               <td nowrap="true">Duration</td>
               <td>Exception</td>
            </tr>
            <tr id="com.guangyun.Testlog4j_beforeClass_byClass_PASS1_row"
                class="testMethodStatusPASS testMethodStatusCONF">
               <td width="100%" class="firstMethodCell">
                  <a onclick="toggleDetailsVisibility('com.guangyun.Testlog4j_beforeClass_byClass_PASS1_details')">beforeClass()</a>
               </td>
               <td nowrap="true">23:02:35</td>
               <td nowrap="true" align="right">184 ms
                  
               </td>
               <td nowrap="true">
                   
                  
               </td>
            </tr>
            <tr>
               <td colspan="4"
                   style="padding: 0; background-color: white; border-style: none; height: 0px;">
                  <div id="com.guangyun.Testlog4j_beforeClass_byClass_PASS1_details"
                       class="testMethodDetails">
                     <div>
                        <b>Name:
                           
                        </b>beforeClass
                     </div>
                     <div>
                        <b>Signature:
                           
                        </b>beforeClass()[pri:0, instance:com.guangyun.Testlog4j@61a52fbd]
                     </div>
                     <div>
                        <b>Start time:
                           
                        </b>23:02:35
                     </div>
                     <div>
                        <b>End time:
                           
                        </b>23:02:35
                     </div>
                     <div>
                        <b>Duration:
                           
                        </b>184 ms
                        
                     </div>
                  </div>
               </td>
            </tr>
            <tr></tr>
            <tr id="com.guangyun.Testlog4j_beforeMethod_byClass_PASS2_row"
                class="testMethodStatusPASS testMethodStatusCONF">
               <td width="100%" class="firstMethodCell">
                  <a onclick="toggleDetailsVisibility('com.guangyun.Testlog4j_beforeMethod_byClass_PASS2_details')">beforeMethod()</a>
               </td>
               <td nowrap="true">23:02:35</td>
               <td nowrap="true" align="right">3s
                  
               </td>
               <td nowrap="true">
                   
                  
               </td>
            </tr>
            <tr>
               <td colspan="4"
                   style="padding: 0; background-color: white; border-style: none; height: 0px;">
                  <div id="com.guangyun.Testlog4j_beforeMethod_byClass_PASS2_details"
                       class="testMethodDetails">
                     <div>
                        <b>Name:
                           
                        </b>beforeMethod
                     </div>
                     <div>
                        <b>Signature:
                           
                        </b>beforeMethod()[pri:0, instance:com.guangyun.Testlog4j@61a52fbd]
                     </div>
                     <div>
                        <b>Start time:
                           
                        </b>23:02:35
                     </div>
                     <div>
                        <b>End time:
                           
                        </b>23:02:38
                     </div>
                     <div>
                        <b>Duration:
                           
                        </b>3s
                        
                     </div>
                  </div>
               </td>
            </tr>
            <tr></tr>
            <tr id="com.guangyun.Testlog4j_testSearch_byClass_FAIL3_row"
                class="testMethodStatusFAIL">
               <td width="100%" class="firstMethodCell">
                  <a onclick="toggleDetailsVisibility('com.guangyun.Testlog4j_testSearch_byClass_FAIL3_details')">testSearch()</a>
               </td>
               <td nowrap="true">23:02:38</td>
               <td nowrap="true" align="right">1s
                  
               </td>
               <td nowrap="true">
                  <a onclick="toggleDetailsVisibility('com.guangyun.Testlog4j_testSearch_byClass_FAIL3_exception')">java.lang.AssertionError: 
                     expected [] but found [搜狗搜索引擎 - 上网从搜狗开始]
                     
                  </a>
                   
                  
               </td>
            </tr>
            <tr>
               <td colspan="4"
                   style="padding: 0; background-color: white; border-style: none; height: 0px;">
                  <div id="com.guangyun.Testlog4j_testSearch_byClass_FAIL3_details"
                       class="testMethodDetails">
                     <div>
                        <b>Name:
                           
                        </b>testSearch
                     </div>
                     <div>
                        <b>Signature:
                           
                        </b>testSearch()[pri:0, instance:com.guangyun.Testlog4j@61a52fbd]
                     </div>
                     <div>
                        <b>Start time:
                           
                        </b>23:02:38
                     </div>
                     <div>
                        <b>End time:
                           
                        </b>23:02:39
                     </div>
                     <div>
                        <b>Duration:
                           
                        </b>1s
                        
                     </div>
                  </div>
               </td>
            </tr>
            <tr>
               <td colspan="4"
                   style="padding: 0; background-color: white; border-style: none; height: 0px;">
                  <div id="com.guangyun.Testlog4j_testSearch_byClass_FAIL3_exception"
                       class="testMethodDetails">
                     <pre style="padding: 5px; margin: 0;">java.lang.AssertionError: expected [] but found [搜狗搜索引擎 - 上网从搜狗开始]
                        	at org.testng.Assert.fail(Assert.java:94)
                        	at org.testng.Assert.failNotEquals(Assert.java:494)
                        	at org.testng.Assert.assertEquals(Assert.java:123)
                        	at org.testng.Assert.assertEquals(Assert.java:176)
                        	at org.testng.Assert.assertEquals(Assert.java:186)
                        	at com.guangyun.Testlog4j.testSearch(Testlog4j.java:38)
                        	at sun.reflect.NativeMethodAccessorImpl.invoke0(Native Method)
                        	at sun.reflect.NativeMethodAccessorImpl.invoke(NativeMethodAccessorImpl.java:62)
                        	at sun.reflect.DelegatingMethodAccessorImpl.invoke(DelegatingMethodAccessorImpl.java:43)
                        	at java.lang.reflect.Method.invoke(Method.java:498)
                        	at org.testng.internal.MethodInvocationHelper.invokeMethod(MethodInvocationHelper.java:80)
                        	at org.testng.internal.Invoker.invokeMethod(Invoker.java:714)
                        	at org.testng.internal.Invoker.invokeTestMethod(Invoker.java:901)
                        	at org.testng.internal.Invoker.invokeTestMethods(Invoker.java:1231)
                        	at org.testng.internal.TestMethodWorker.invokeTestMethods(TestMethodWorker.java:127)
                        	at org.testng.internal.TestMethodWorker.run(TestMethodWorker.java:111)
                        	at org.testng.TestRunner.privateRun(TestRunner.java:767)
                        	at org.testng.TestRunner.run(TestRunner.java:617)
                        	at org.testng.SuiteRunner.runTest(SuiteRunner.java:334)
                        	at org.testng.SuiteRunner.runSequentially(SuiteRunner.java:329)
                        	at org.testng.SuiteRunner.privateRun(SuiteRunner.java:291)
                        	at org.testng.SuiteRunner.run(SuiteRunner.java:240)
                        	at org.testng.SuiteRunnerWorker.runSuite(SuiteRunnerWorker.java:52)
                        	at org.testng.SuiteRunnerWorker.run(SuiteRunnerWorker.java:86)
                        	at org.testng.TestNG.runSuitesSequentially(TestNG.java:1198)
                        	at org.testng.TestNG.runSuitesLocally(TestNG.java:1123)
                        	at org.testng.TestNG.run(TestNG.java:1031)
                        	at org.apache.maven.surefire.testng.TestNGExecutor.run(TestNGExecutor.java:74)
                        	at org.apache.maven.surefire.testng.TestNGXmlTestSuite.execute(TestNGXmlTestSuite.java:92)
                        	at org.apache.maven.surefire.Surefire.run(Surefire.java:180)
                        	at sun.reflect.NativeMethodAccessorImpl.invoke0(Native Method)
                        	at sun.reflect.NativeMethodAccessorImpl.invoke(NativeMethodAccessorImpl.java:62)
                        	at sun.reflect.DelegatingMethodAccessorImpl.invoke(DelegatingMethodAccessorImpl.java:43)
                        	at java.lang.reflect.Method.invoke(Method.java:498)
                        	at org.apache.maven.surefire.booter.SurefireBooter.runSuitesInProcess(SurefireBooter.java:350)
                        	at org.apache.maven.surefire.booter.SurefireBooter.main(SurefireBooter.java:1021)
                     </pre>
                  </div>
               </td>
            </tr>
            <tr id="com.guangyun.Testlog4j_afterMethod_byClass_PASS4_row"
                class="testMethodStatusPASS testMethodStatusCONF">
               <td width="100%" class="firstMethodCell">
                  <a onclick="toggleDetailsVisibility('com.guangyun.Testlog4j_afterMethod_byClass_PASS4_details')">afterMethod()</a>
               </td>
               <td nowrap="true">23:02:39</td>
               <td nowrap="true" align="right">825 ms
                  
               </td>
               <td nowrap="true">
                   
                  
               </td>
            </tr>
            <tr>
               <td colspan="4"
                   style="padding: 0; background-color: white; border-style: none; height: 0px;">
                  <div id="com.guangyun.Testlog4j_afterMethod_byClass_PASS4_details"
                       class="testMethodDetails">
                     <div>
                        <b>Name:
                           
                        </b>afterMethod
                     </div>
                     <div>
                        <b>Signature:
                           
                        </b>afterMethod()[pri:0, instance:com.guangyun.Testlog4j@61a52fbd]
                     </div>
                     <div>
                        <b>Start time:
                           
                        </b>23:02:39
                     </div>
                     <div>
                        <b>End time:
                           
                        </b>23:02:40
                     </div>
                     <div>
                        <b>Duration:
                           
                        </b>825 ms
                        
                     </div>
                  </div>
               </td>
            </tr>
            <tr></tr>
         </table>
         <br></br>
         <table class="testMethodsTable" cellpadding="0" cellspacing="0">
            <tr>
               <td colspan="4">
                  <h3 style="display: inline;">com.guangyun.TestNGLearn</h3>
               </td>
            </tr>
            <tr class="methodsTableHeader">
               <td width="100%">Name</td>
               <td nowrap="true">Started</td>
               <td nowrap="true">Duration</td>
               <td>Exception</td>
            </tr>
            <tr id="com.guangyun.TestNGLearn_testSubstract_byClass_FAIL1_row"
                class="testMethodStatusFAIL">
               <td width="100%" class="firstMethodCell">
                  <a onclick="toggleDetailsVisibility('com.guangyun.TestNGLearn_testSubstract_byClass_FAIL1_details')">testSubstract()</a>
               </td>
               <td nowrap="true">23:02:40</td>
               <td nowrap="true" align="right">0 ms
                  
               </td>
               <td nowrap="true">
                  <a onclick="toggleDetailsVisibility('com.guangyun.TestNGLearn_testSubstract_byClass_FAIL1_exception')">java.lang.AssertionError: 
                     expected [true] but found [false]
                     
                  </a>
                   
                  
               </td>
            </tr>
            <tr>
               <td colspan="4"
                   style="padding: 0; background-color: white; border-style: none; height: 0px;">
                  <div id="com.guangyun.TestNGLearn_testSubstract_byClass_FAIL1_details"
                       class="testMethodDetails">
                     <div>
                        <b>Name:
                           
                        </b>testSubstract
                     </div>
                     <div>
                        <b>Signature:
                           
                        </b>testSubstract()[pri:0, instance:com.guangyun.TestNGLearn@4ec6a292]
                     </div>
                     <div>
                        <b>Start time:
                           
                        </b>23:02:40
                     </div>
                     <div>
                        <b>End time:
                           
                        </b>23:02:40
                     </div>
                     <div>
                        <b>Duration:
                           
                        </b>0 ms
                        
                     </div>
                  </div>
               </td>
            </tr>
            <tr>
               <td colspan="4"
                   style="padding: 0; background-color: white; border-style: none; height: 0px;">
                  <div id="com.guangyun.TestNGLearn_testSubstract_byClass_FAIL1_exception"
                       class="testMethodDetails">
                     <pre style="padding: 5px; margin: 0;">java.lang.AssertionError: expected [true] but found [false]
                        	at org.testng.Assert.fail(Assert.java:94)
                        	at org.testng.Assert.failNotEquals(Assert.java:494)
                        	at org.testng.Assert.assertTrue(Assert.java:42)
                        	at org.testng.Assert.assertTrue(Assert.java:52)
                        	at com.guangyun.TestNGLearn.testSubstract(TestNGLearn.java:19)
                        	at sun.reflect.NativeMethodAccessorImpl.invoke0(Native Method)
                        	at sun.reflect.NativeMethodAccessorImpl.invoke(NativeMethodAccessorImpl.java:62)
                        	at sun.reflect.DelegatingMethodAccessorImpl.invoke(DelegatingMethodAccessorImpl.java:43)
                        	at java.lang.reflect.Method.invoke(Method.java:498)
                        	at org.testng.internal.MethodInvocationHelper.invokeMethod(MethodInvocationHelper.java:80)
                        	at org.testng.internal.Invoker.invokeMethod(Invoker.java:714)
                        	at org.testng.internal.Invoker.invokeTestMethod(Invoker.java:901)
                        	at org.testng.internal.Invoker.invokeTestMethods(Invoker.java:1231)
                        	at org.testng.internal.TestMethodWorker.invokeTestMethods(TestMethodWorker.java:127)
                        	at org.testng.internal.TestMethodWorker.run(TestMethodWorker.java:111)
                        	at org.testng.TestRunner.privateRun(TestRunner.java:767)
                        	at org.testng.TestRunner.run(TestRunner.java:617)
                        	at org.testng.SuiteRunner.runTest(SuiteRunner.java:334)
                        	at org.testng.SuiteRunner.runSequentially(SuiteRunner.java:329)
                        	at org.testng.SuiteRunner.privateRun(SuiteRunner.java:291)
                        	at org.testng.SuiteRunner.run(SuiteRunner.java:240)
                        	at org.testng.SuiteRunnerWorker.runSuite(SuiteRunnerWorker.java:52)
                        	at org.testng.SuiteRunnerWorker.run(SuiteRunnerWorker.java:86)
                        	at org.testng.TestNG.runSuitesSequentially(TestNG.java:1198)
                        	at org.testng.TestNG.runSuitesLocally(TestNG.java:1123)
                        	at org.testng.TestNG.run(TestNG.java:1031)
                        	at org.apache.maven.surefire.testng.TestNGExecutor.run(TestNGExecutor.java:74)
                        	at org.apache.maven.surefire.testng.TestNGXmlTestSuite.execute(TestNGXmlTestSuite.java:92)
                        	at org.apache.maven.surefire.Surefire.run(Surefire.java:180)
                        	at sun.reflect.NativeMethodAccessorImpl.invoke0(Native Method)
                        	at sun.reflect.NativeMethodAccessorImpl.invoke(NativeMethodAccessorImpl.java:62)
                        	at sun.reflect.DelegatingMethodAccessorImpl.invoke(DelegatingMethodAccessorImpl.java:43)
                        	at java.lang.reflect.Method.invoke(Method.java:498)
                        	at org.apache.maven.surefire.booter.SurefireBooter.runSuitesInProcess(SurefireBooter.java:350)
                        	at org.apache.maven.surefire.booter.SurefireBooter.main(SurefireBooter.java:1021)
                     </pre>
                  </div>
               </td>
            </tr>
            <tr id="com.guangyun.TestNGLearn_testEquals_byClass_PASS2_row"
                class="testMethodStatusPASS">
               <td width="100%" class="firstMethodCell">
                  <a onclick="toggleDetailsVisibility('com.guangyun.TestNGLearn_testEquals_byClass_PASS2_details')">testEquals()</a>
               </td>
               <td nowrap="true">23:02:40</td>
               <td nowrap="true" align="right">0 ms
                  
               </td>
               <td nowrap="true">
                   
                  
               </td>
            </tr>
            <tr>
               <td colspan="4"
                   style="padding: 0; background-color: white; border-style: none; height: 0px;">
                  <div id="com.guangyun.TestNGLearn_testEquals_byClass_PASS2_details"
                       class="testMethodDetails">
                     <div>
                        <b>Name:
                           
                        </b>testEquals
                     </div>
                     <div>
                        <b>Signature:
                           
                        </b>testEquals()[pri:0, instance:com.guangyun.TestNGLearn@4ec6a292]
                     </div>
                     <div>
                        <b>Start time:
                           
                        </b>23:02:40
                     </div>
                     <div>
                        <b>End time:
                           
                        </b>23:02:40
                     </div>
                     <div>
                        <b>Duration:
                           
                        </b>0 ms
                        
                     </div>
                  </div>
               </td>
            </tr>
            <tr></tr>
         </table>
         <br></br>
         <table class="testMethodsTable" cellpadding="0" cellspacing="0">
            <tr>
               <td colspan="4">
                  <h3 style="display: inline;">com.guangyun.TestNGLearn1</h3>
               </td>
            </tr>
            <tr class="methodsTableHeader">
               <td width="100%">Name</td>
               <td nowrap="true">Started</td>
               <td nowrap="true">Duration</td>
               <td>Exception</td>
            </tr>
            <tr id="com.guangyun.TestNGLearn1_testAdd_byClass_PASS1_row"
                class="testMethodStatusPASS">
               <td width="100%" class="firstMethodCell">
                  <a onclick="toggleDetailsVisibility('com.guangyun.TestNGLearn1_testAdd_byClass_PASS1_details')">testAdd()</a>
               </td>
               <td nowrap="true">23:02:40</td>
               <td nowrap="true" align="right">0 ms
                  
               </td>
               <td nowrap="true">
                   
                  
               </td>
            </tr>
            <tr>
               <td colspan="4"
                   style="padding: 0; background-color: white; border-style: none; height: 0px;">
                  <div id="com.guangyun.TestNGLearn1_testAdd_byClass_PASS1_details"
                       class="testMethodDetails">
                     <div>
                        <b>Name:
                           
                        </b>testAdd
                     </div>
                     <div>
                        <b>Signature:
                           
                        </b>testAdd()[pri:0, instance:com.guangyun.TestNGLearn1@19bb089b]
                     </div>
                     <div>
                        <b>Start time:
                           
                        </b>23:02:40
                     </div>
                     <div>
                        <b>End time:
                           
                        </b>23:02:40
                     </div>
                     <div>
                        <b>Duration:
                           
                        </b>0 ms
                        
                     </div>
                  </div>
               </td>
            </tr>
            <tr></tr>
         </table>
         <br></br>
      </div>
      <div style="margin-top: 15px; color: gray; text-align: center; font-size: 9px;">
         Generated with
         
         <a href="http://code.google.com/p/testng-xslt/" style="color: #8888aa;"
            target="_blank">
            TestNG XSLT
            
         </a>
      </div>
   </body>
</html>